<?xml version="1.0" encoding="UTF-8"?>
<testng-results ignored="0" total="1" passed="1" failed="0" skipped="0">
  <reporter-output>
  </reporter-output>
  <suite started-at="2023-09-20T17:13:51 IST" name="Default suite" finished-at="2023-09-20T17:14:48 IST" duration-ms="57008">
    <groups>
    </groups>
    <test started-at="2023-09-20T17:13:51 IST" name="Default test" finished-at="2023-09-20T17:14:48 IST" duration-ms="57008">
      <class name="com.amazon.testcases.LoginTest">
        <test-method is-config="true" signature="beforeTest(org.testng.ITestContext)[pri:0, instance:com.amazon.testcases.LoginTest@6f03482]" started-at="2023-09-20T17:13:51 IST" name="beforeTest" finished-at="2023-09-20T17:13:51 IST" duration-ms="701" status="PASS">
          <params>
            <param index="0">
              <value>
                <![CDATA[org.testng.TestRunner@4d499d65]]>
              </value>
            </param>
          </params>
          <reporter-output>
          </reporter-output>
        </test-method> <!-- beforeTest -->
        <test-method is-config="true" signature="beforeMethod(org.testng.ITestContext)[pri:0, instance:com.amazon.testcases.LoginTest@6f03482]" started-at="2023-09-20T17:13:52 IST" name="beforeMethod" finished-at="2023-09-20T17:13:52 IST" duration-ms="1" status="PASS">
          <params>
            <param index="0">
              <value>
                <![CDATA[org.testng.TestRunner@4d499d65]]>
              </value>
            </param>
          </params>
          <reporter-output>
          </reporter-output>
        </test-method> <!-- beforeMethod -->
        <test-method signature="login()[pri:0, instance:com.amazon.testcases.LoginTest@6f03482]" started-at="2023-09-20T17:13:52 IST" name="login" finished-at="2023-09-20T17:14:43 IST" duration-ms="51368" status="PASS">
          <reporter-output>
          </reporter-output>
        </test-method> <!-- login -->
        <test-method is-config="true" signature="quit()[pri:0, instance:com.amazon.testcases.LoginTest@6f03482]" started-at="2023-09-20T17:14:43 IST" name="quit" finished-at="2023-09-20T17:14:48 IST" duration-ms="4604" status="PASS">
          <reporter-output>
          </reporter-output>
        </test-method> <!-- quit -->
      </class> <!-- com.amazon.testcases.LoginTest -->
    </test> <!-- Default test -->
  </suite> <!-- Default suite -->
</testng-results>
